<?xml version="1.0" encoding="UTF-8"?>
<!-- Generated by org.testng.reporters.JUnitReportReporter -->
<testsuite hostname="LAPTOP-0GUKQA47" failures="0" tests="1" name="nikitaAutomationproject.automation.AppTest" time="0.008" errors="0" timestamp="2023-10-26T13:29:43 IST" skipped="0">
  <testcase classname="nikitaAutomationproject.automation.AppTest" name="shouldAnswerWithTrue" time="0.008"/>
  <system-out/>
</testsuite> <!-- nikitaAutomationproject.automation.AppTest -->
